2020/11/22 23:06:52 {"callers":["/home/minchi/golang/go-programming-tour-book/blog-service/main.go: 27 main.init.0"],"level":"info","message":"%s: programming/%sgolangblog-service","time":1606057612096999100}
2020/11/22 23:07:05 {"callers":["/home/minchi/golang/go-programming-tour-book/blog-service/main.go: 27 main.init.0"],"level":"error","message":"strconv.ParseUint: parsing \"1 binding:\": invalid syntax","time":1606057625522025600}
2020/11/22 23:07:05 {"callers":["/home/minchi/golang/go-programming-tour-book/blog-service/main.go: 27 main.init.0"],"level":"error","message":"app.BindAndValid errs: ","time":1606057625522089000}
2020/11/22 23:08:17 {"callers":["/home/minchi/golang/go-programming-tour-book/blog-service/main.go: 27 main.init.0"],"level":"info","message":"%s: programming/%sgolangblog-service","time":1606057697847344000}
2020/11/22 23:08:20 {"callers":["/home/minchi/golang/go-programming-tour-book/blog-service/main.go: 27 main.init.0"],"level":"error","message":"aaa:strconv.ParseUint: parsing \"1 binding:\": invalid syntax","time":1606057700087725400}
2020/11/22 23:08:20 {"callers":["/home/minchi/golang/go-programming-tour-book/blog-service/main.go: 27 main.init.0"],"level":"error","message":"app.BindAndValid errs: ","time":1606057700087803000}
2020/11/22 23:15:45 {"callers":["/home/minchi/golang/go-programming-tour-book/blog-service/main.go: 27 main.init.0"],"level":"info","message":"%s: programming/%sgolangblog-service","time":1606058145482131800}
2020/11/22 23:15:47 {"callers":["/home/minchi/golang/go-programming-tour-book/blog-service/main.go: 27 main.init.0"],"level":"error","message":"aaa1:","time":1606058147736995100}
2020/11/22 23:15:47 {"callers":["/home/minchi/golang/go-programming-tour-book/blog-service/main.go: 27 main.init.0"],"level":"error","message":"aaa2:","time":1606058147737093600}
2020/11/22 23:15:47 {"callers":["/home/minchi/golang/go-programming-tour-book/blog-service/main.go: 27 main.init.0"],"level":"error","message":"app.BindAndValid errs: ","time":1606058147737121100}
2020/11/22 23:19:41 {"callers":["/home/minchi/golang/go-programming-tour-book/blog-service/main.go: 27 main.init.0"],"level":"info","message":"%s: programming/%sgolangblog-service","time":1606058381137832900}
2020/11/22 23:19:43 {"callers":["/home/minchi/golang/go-programming-tour-book/blog-service/main.go: 27 main.init.0"],"level":"error","message":"app.BindAndValid errs: ","time":1606058383649213700}
2020/11/22 23:24:50 {"callers":["/home/minchi/golang/go-programming-tour-book/blog-service/main.go: 27 main.init.0"],"level":"info","message":"%s: programming/%sgolangblog-service","time":1606058690210330200}
2020/11/22 23:25:15 {"callers":["/home/minchi/golang/go-programming-tour-book/blog-service/main.go: 27 main.init.0"],"level":"error","message":"app.BindAndValid errs: ","time":1606058715958671200}
2020/11/23 08:32:33 {"callers":["/home/minchi/golang/go-programming-tour-book/blog-service/main.go: 27 main.init.0"],"level":"info","message":"%s: programming/%sgolangblog-service","time":1606091553498858300}
2020/11/23 22:54:26 {"callers":["/home/minchi/golang/go-programming-tour-book/blog-service/main.go: 27 main.init.0"],"level":"info","message":"%s: programming/%sgolangblog-service","time":1606143266531903900}
2020/11/23 23:48:56 {"callers":["/home/minchi/golang/go-programming-tour-book/blog-service/main.go: 27 main.init.0"],"level":"info","message":"%s: programming/%sgolangblog-service","time":1606146536756543200}
2020/11/23 23:52:08 {"callers":["/home/minchi/golang/go-programming-tour-book/blog-service/main.go: 27 main.init.0"],"level":"error","message":"svc.UpdateTag err: sql: expected 6 arguments, got 5","time":1606146728032941600}
2020/11/23 23:52:43 {"callers":["/home/minchi/golang/go-programming-tour-book/blog-service/main.go: 27 main.init.0"],"level":"error","message":"svc.UpdateTag err: sql: expected 6 arguments, got 5","time":1606146763299843100}
2020/11/23 23:52:53 {"callers":["/home/minchi/golang/go-programming-tour-book/blog-service/main.go: 27 main.init.0"],"level":"error","message":"svc.UpdateTag err: sql: expected 6 arguments, got 5","time":1606146773868310900}
2020/11/24 00:00:38 {"callers":["/home/minchi/golang/go-programming-tour-book/blog-service/main.go: 27 main.init.0"],"level":"info","message":"%s: programming/%sgolangblog-service","time":1606147238006623300}
